<?xml version="1.0" encoding="UTF-8"?>
<testsuite xmlns:xsi="http://www.w3.org/2001/XMLSchema-instance" xsi:noNamespaceSchemaLocation="https://maven.apache.org/surefire/maven-surefire-plugin/xsd/surefire-test-report-3.0.xsd" version="3.0" name="com.feng.ApplicationTests" time="2.984" tests="1" errors="0" skipped="0" failures="0">
  <properties>
[...]
</properties>
  <testcase name="contextLoads" classname="com.feng.ApplicationTests" time="0.754">
    <system-out><![CDATA[21:45:14.106 [main] INFO org.springframework.test.context.support.AnnotationConfigContextLoaderUtils -- Could not detect default configuration classes for test class [com.feng.ApplicationTests]: ApplicationTests does not declare any static, non-private, non-final, nested classes annotated with @Configuration.
21:45:14.205 [main] INFO org.springframework.boot.test.context.SpringBootTestContextBootstrapper -- Found @SpringBootConfiguration com.feng.Application for test class com.feng.ApplicationTests

  .   ____          _            __ _ _
 /\\ / ___'_ __ _ _(_)_ __  __ _ \ \ \ \
( ( )\___ | '_ | '_| | '_ \/ _` | \ \ \ \
 \\/  ___)| |_)| | | | | || (_| |  ) ) ) )
  '  |____| .__|_| |_|_| |_\__, | / / / /
 =========|_|==============|___/=/_/_/_/
 :: Spring Boot ::                (v3.2.2)

2024-02-21T21:45:14.599+08:00  INFO 52824 --- [           main] com.feng.ApplicationTests                : Starting ApplicationTests using Java 21.0.1 with PID 52824 (started by 冯艺洲 in D:\BraveStart\SpringBoot)
2024-02-21T21:45:14.600+08:00  INFO 52824 --- [           main] com.feng.ApplicationTests                : No active profile set, falling back to 1 default profile: "default"
2024-02-21T21:45:16.161+08:00  INFO 52824 --- [           main] com.feng.ApplicationTests                : Started ApplicationTests in 1.814 seconds (process running for 2.651)
9
2
8
5
6
7
4
4
10
10
1
7
6
2
5
6
4
7
5
5
10
5
9
3
9
3
4
9
7
10
1
7
10
9
8
2
5
4
5
2
]]></system-out>
    <system-err><![CDATA[WARNING: A Java agent has been loaded dynamically (D:\Maven_Localrepoitory\net\bytebuddy\byte-buddy-agent\1.14.11\byte-buddy-agent-1.14.11.jar)
WARNING: If a serviceability tool is in use, please run with -XX:+EnableDynamicAgentLoading to hide this warning
WARNING: If a serviceability tool is not in use, please run with -Djdk.instrument.traceUsage for more information
WARNING: Dynamic loading of agents will be disallowed by default in a future release
]]></system-err>
  </testcase>
</testsuite>